<?xml version="1.0" encoding="UTF-8"?>
<testng-results ignored="0" total="1" passed="1" failed="0" skipped="0">
  <reporter-output>
  </reporter-output>
  <suite started-at="2024-07-21T05:07:46 GST" name="Surefire suite" finished-at="2024-07-21T05:07:50 GST" duration-ms="3548">
    <groups>
    </groups>
    <test started-at="2024-07-21T05:07:46 GST" name="Surefire test" finished-at="2024-07-21T05:07:50 GST" duration-ms="3548">
      <class name="MyFirstAuatomationPackge.CssSelectorTest">
        <test-method signature="FindByCss()[pri:0, instance:MyFirstAuatomationPackge.CssSelectorTest@66498326]" started-at="2024-07-21T05:07:47 GST" name="FindByCss" finished-at="2024-07-21T05:07:50 GST" duration-ms="3504" status="PASS">
          <reporter-output>
          </reporter-output>
        </test-method> <!-- FindByCss -->
      </class> <!-- MyFirstAuatomationPackge.CssSelectorTest -->
    </test> <!-- Surefire test -->
  </suite> <!-- Surefire suite -->
</testng-results>
